<?xml version="1.0" encoding="UTF-8"?>
<!-- Generated by org.testng.reporters.JUnitReportReporter -->
<testsuite hostname="DESKTOP-GQENUCE" failures="0" tests="1" name="com.todos.tests.AddTodoTest" time="7.367" errors="0" timestamp="2025-01-03T21:37:41 CET" skipped="0">
  <testcase classname="com.todos.tests.AddTodoTest" name="iAddTodo" time="7.367"/>
  <system-out/>
</testsuite> <!-- com.todos.tests.AddTodoTest -->
